  Źródło.cpp
f:\sfml\sfml basic v2\sfml basic v2\wyswietlanie.h(56): warning C4305: "argument": obcięcie z "double" do "float"
f:\sfml\sfml basic v2\sfml basic v2\wyswietlanie.h(59): warning C4305: "argument": obcięcie z "double" do "float"
f:\sfml\sfml basic v2\sfml basic v2\wyswietlanie.h(62): warning C4305: "argument": obcięcie z "double" do "float"
f:\sfml\sfml basic v2\sfml basic v2\wyswietlanie.h(65): warning C4305: "argument": obcięcie z "double" do "float"
f:\sfml\sfml basic v2\sfml basic v2\wyswietlanie.h(70): warning C4305: "argument": obcięcie z "double" do "float"
f:\sfml\sfml basic v2\sfml basic v2\wyswietlanie.h(73): warning C4305: "argument": obcięcie z "double" do "float"
f:\sfml\sfml basic v2\sfml basic v2\wyswietlanie.h(76): warning C4305: "argument": obcięcie z "double" do "float"
f:\sfml\sfml basic v2\sfml basic v2\wyswietlanie.h(79): warning C4305: "argument": obcięcie z "double" do "float"
f:\sfml\sfml basic v2\sfml basic v2\wyswietlanie.h(84): warning C4305: "argument": obcięcie z "double" do "float"
f:\sfml\sfml basic v2\sfml basic v2\wyswietlanie.h(87): warning C4305: "argument": obcięcie z "double" do "float"
f:\sfml\sfml basic v2\sfml basic v2\wyswietlanie.h(90): warning C4305: "argument": obcięcie z "double" do "float"
f:\sfml\sfml basic v2\sfml basic v2\wyswietlanie.h(93): warning C4305: "argument": obcięcie z "double" do "float"
f:\sfml\sfml basic v2\sfml basic v2\wyswietlanie.h(114): warning C4305: "argument": obcięcie z "double" do "float"
f:\sfml\sfml basic v2\sfml basic v2\wyswietlanie.h(117): warning C4305: "argument": obcięcie z "double" do "float"
f:\sfml\sfml basic v2\sfml basic v2\wyswietlanie.h(120): warning C4305: "argument": obcięcie z "double" do "float"
f:\sfml\sfml basic v2\sfml basic v2\wyswietlanie.h(123): warning C4305: "argument": obcięcie z "double" do "float"
f:\sfml\sfml basic v2\sfml basic v2\wyswietlanie.h(128): warning C4305: "argument": obcięcie z "double" do "float"
f:\sfml\sfml basic v2\sfml basic v2\wyswietlanie.h(131): warning C4305: "argument": obcięcie z "double" do "float"
f:\sfml\sfml basic v2\sfml basic v2\wyswietlanie.h(134): warning C4305: "argument": obcięcie z "double" do "float"
f:\sfml\sfml basic v2\sfml basic v2\wyswietlanie.h(137): warning C4305: "argument": obcięcie z "double" do "float"
f:\sfml\sfml basic v2\sfml basic v2\wyswietlanie.h(142): warning C4305: "argument": obcięcie z "double" do "float"
f:\sfml\sfml basic v2\sfml basic v2\wyswietlanie.h(145): warning C4305: "argument": obcięcie z "double" do "float"
f:\sfml\sfml basic v2\sfml basic v2\wyswietlanie.h(148): warning C4305: "argument": obcięcie z "double" do "float"
f:\sfml\sfml basic v2\sfml basic v2\wyswietlanie.h(151): warning C4305: "argument": obcięcie z "double" do "float"
f:\sfml\sfml basic v2\sfml basic v2\arena_sfml.h(1029): warning C4244: "argument": konwersja z "int" do "float", możliwa utrata danych
f:\sfml\sfml basic v2\sfml basic v2\arena_sfml.h(1035): warning C4244: "argument": konwersja z "int" do "float", możliwa utrata danych
f:\sfml\sfml basic v2\sfml basic v2\arena_sfml.h(1041): warning C4244: "argument": konwersja z "int" do "float", możliwa utrata danych
f:\sfml\sfml basic v2\sfml basic v2\arena_sfml.h(1047): warning C4244: "argument": konwersja z "int" do "float", możliwa utrata danych
f:\sfml\sfml basic v2\sfml basic v2\arena_sfml.h(1053): warning C4244: "argument": konwersja z "int" do "float", możliwa utrata danych
f:\sfml\sfml basic v2\sfml basic v2\arena_sfml.h(1059): warning C4244: "argument": konwersja z "int" do "float", możliwa utrata danych
f:\sfml\sfml basic v2\sfml basic v2\arena_sfml.h(1065): warning C4244: "argument": konwersja z "int" do "float", możliwa utrata danych
f:\sfml\sfml basic v2\sfml basic v2\arena_sfml.h(1071): warning C4244: "argument": konwersja z "int" do "float", możliwa utrata danych
f:\sfml\sfml basic v2\sfml basic v2\arena_sfml.h(1077): warning C4244: "argument": konwersja z "int" do "float", możliwa utrata danych
f:\sfml\sfml basic v2\sfml basic v2\arena_sfml.h(1083): warning C4244: "argument": konwersja z "int" do "float", możliwa utrata danych
f:\sfml\sfml basic v2\sfml basic v2\arena_sfml.h(1089): warning C4244: "argument": konwersja z "int" do "float", możliwa utrata danych
f:\sfml\sfml basic v2\sfml basic v2\arena_sfml.h(1095): warning C4244: "argument": konwersja z "int" do "float", możliwa utrata danych
f:\sfml\sfml basic v2\sfml basic v2\arena_sfml.h(1101): warning C4244: "argument": konwersja z "int" do "float", możliwa utrata danych
f:\sfml\sfml basic v2\sfml basic v2\arena_sfml.h(1109): warning C4244: "argument": konwersja z "int" do "float", możliwa utrata danych
f:\sfml\sfml basic v2\sfml basic v2\arena_sfml.h(1115): warning C4244: "argument": konwersja z "int" do "float", możliwa utrata danych
f:\sfml\sfml basic v2\sfml basic v2\arena_sfml.h(1121): warning C4244: "argument": konwersja z "int" do "float", możliwa utrata danych
f:\sfml\sfml basic v2\sfml basic v2\arena_sfml.h(1127): warning C4244: "argument": konwersja z "int" do "float", możliwa utrata danych
f:\sfml\sfml basic v2\sfml basic v2\arena_sfml.h(1133): warning C4244: "argument": konwersja z "int" do "float", możliwa utrata danych
f:\sfml\sfml basic v2\sfml basic v2\arena_sfml.h(1139): warning C4244: "argument": konwersja z "int" do "float", możliwa utrata danych
f:\sfml\sfml basic v2\sfml basic v2\arena_sfml.h(1145): warning C4244: "argument": konwersja z "int" do "float", możliwa utrata danych
f:\sfml\sfml basic v2\sfml basic v2\arena_sfml.h(1151): warning C4244: "argument": konwersja z "int" do "float", możliwa utrata danych
f:\sfml\sfml basic v2\sfml basic v2\arena_sfml.h(1157): warning C4244: "argument": konwersja z "int" do "float", możliwa utrata danych
f:\sfml\sfml basic v2\sfml basic v2\arena_sfml.h(1163): warning C4244: "argument": konwersja z "int" do "float", możliwa utrata danych
f:\sfml\sfml basic v2\sfml basic v2\arena_sfml.h(1169): warning C4244: "argument": konwersja z "int" do "float", możliwa utrata danych
f:\sfml\sfml basic v2\sfml basic v2\nagłówek.h(1056): warning C4244: "argument": konwersja z "int" do "float", możliwa utrata danych
f:\sfml\sfml basic v2\sfml basic v2\nagłówek.h(1062): warning C4244: "argument": konwersja z "int" do "float", możliwa utrata danych
f:\sfml\sfml basic v2\sfml basic v2\nagłówek.h(1068): warning C4244: "argument": konwersja z "int" do "float", możliwa utrata danych
f:\sfml\sfml basic v2\sfml basic v2\nagłówek.h(1074): warning C4244: "argument": konwersja z "int" do "float", możliwa utrata danych
f:\sfml\sfml basic v2\sfml basic v2\nagłówek.h(1080): warning C4244: "argument": konwersja z "int" do "float", możliwa utrata danych
f:\sfml\sfml basic v2\sfml basic v2\nagłówek.h(1086): warning C4244: "argument": konwersja z "int" do "float", możliwa utrata danych
f:\sfml\sfml basic v2\sfml basic v2\nagłówek.h(1092): warning C4244: "argument": konwersja z "int" do "float", możliwa utrata danych
f:\sfml\sfml basic v2\sfml basic v2\nagłówek.h(1098): warning C4244: "argument": konwersja z "int" do "float", możliwa utrata danych
f:\sfml\sfml basic v2\sfml basic v2\nagłówek.h(1104): warning C4244: "argument": konwersja z "int" do "float", możliwa utrata danych
f:\sfml\sfml basic v2\sfml basic v2\nagłówek.h(1110): warning C4244: "argument": konwersja z "int" do "float", możliwa utrata danych
f:\sfml\sfml basic v2\sfml basic v2\nagłówek.h(1116): warning C4244: "argument": konwersja z "int" do "float", możliwa utrata danych
f:\sfml\sfml basic v2\sfml basic v2\nagłówek.h(1122): warning C4244: "argument": konwersja z "int" do "float", możliwa utrata danych
f:\sfml\sfml basic v2\sfml basic v2\nagłówek.h(1128): warning C4244: "argument": konwersja z "int" do "float", możliwa utrata danych
f:\sfml\sfml basic v2\sfml basic v2\nagłówek.h(1136): warning C4244: "argument": konwersja z "int" do "float", możliwa utrata danych
f:\sfml\sfml basic v2\sfml basic v2\nagłówek.h(1142): warning C4244: "argument": konwersja z "int" do "float", możliwa utrata danych
f:\sfml\sfml basic v2\sfml basic v2\nagłówek.h(1148): warning C4244: "argument": konwersja z "int" do "float", możliwa utrata danych
f:\sfml\sfml basic v2\sfml basic v2\nagłówek.h(1154): warning C4244: "argument": konwersja z "int" do "float", możliwa utrata danych
f:\sfml\sfml basic v2\sfml basic v2\nagłówek.h(1160): warning C4244: "argument": konwersja z "int" do "float", możliwa utrata danych
f:\sfml\sfml basic v2\sfml basic v2\nagłówek.h(1166): warning C4244: "argument": konwersja z "int" do "float", możliwa utrata danych
f:\sfml\sfml basic v2\sfml basic v2\nagłówek.h(1172): warning C4244: "argument": konwersja z "int" do "float", możliwa utrata danych
f:\sfml\sfml basic v2\sfml basic v2\nagłówek.h(1178): warning C4244: "argument": konwersja z "int" do "float", możliwa utrata danych
f:\sfml\sfml basic v2\sfml basic v2\nagłówek.h(1184): warning C4244: "argument": konwersja z "int" do "float", możliwa utrata danych
f:\sfml\sfml basic v2\sfml basic v2\nagłówek.h(1190): warning C4244: "argument": konwersja z "int" do "float", możliwa utrata danych
f:\sfml\sfml basic v2\sfml basic v2\nagłówek.h(1196): warning C4244: "argument": konwersja z "int" do "float", możliwa utrata danych
f:\sfml\sfml basic v2\sfml basic v2\nagłówek.h(1286): warning C4305: "argument": obcięcie z "double" do "float"
f:\sfml\sfml basic v2\sfml basic v2\nagłówek.h(1289): warning C4305: "argument": obcięcie z "double" do "float"
f:\sfml\sfml basic v2\sfml basic v2\nagłówek.h(1292): warning C4305: "argument": obcięcie z "double" do "float"
f:\sfml\sfml basic v2\sfml basic v2\nagłówek.h(1295): warning C4305: "argument": obcięcie z "double" do "float"
f:\sfml\sfml basic v2\sfml basic v2\nagłówek.h(1300): warning C4305: "argument": obcięcie z "double" do "float"
f:\sfml\sfml basic v2\sfml basic v2\nagłówek.h(1303): warning C4305: "argument": obcięcie z "double" do "float"
f:\sfml\sfml basic v2\sfml basic v2\nagłówek.h(1306): warning C4305: "argument": obcięcie z "double" do "float"
f:\sfml\sfml basic v2\sfml basic v2\nagłówek.h(1309): warning C4305: "argument": obcięcie z "double" do "float"
f:\sfml\sfml basic v2\sfml basic v2\nagłówek.h(1314): warning C4305: "argument": obcięcie z "double" do "float"
f:\sfml\sfml basic v2\sfml basic v2\nagłówek.h(1317): warning C4305: "argument": obcięcie z "double" do "float"
f:\sfml\sfml basic v2\sfml basic v2\nagłówek.h(1320): warning C4305: "argument": obcięcie z "double" do "float"
f:\sfml\sfml basic v2\sfml basic v2\nagłówek.h(1323): warning C4305: "argument": obcięcie z "double" do "float"
f:\sfml\sfml basic v2\sfml basic v2\nagłówek.h(1344): warning C4305: "argument": obcięcie z "double" do "float"
f:\sfml\sfml basic v2\sfml basic v2\nagłówek.h(1347): warning C4305: "argument": obcięcie z "double" do "float"
f:\sfml\sfml basic v2\sfml basic v2\nagłówek.h(1350): warning C4305: "argument": obcięcie z "double" do "float"
f:\sfml\sfml basic v2\sfml basic v2\nagłówek.h(1353): warning C4305: "argument": obcięcie z "double" do "float"
f:\sfml\sfml basic v2\sfml basic v2\nagłówek.h(1358): warning C4305: "argument": obcięcie z "double" do "float"
f:\sfml\sfml basic v2\sfml basic v2\nagłówek.h(1361): warning C4305: "argument": obcięcie z "double" do "float"
f:\sfml\sfml basic v2\sfml basic v2\nagłówek.h(1364): warning C4305: "argument": obcięcie z "double" do "float"
f:\sfml\sfml basic v2\sfml basic v2\nagłówek.h(1367): warning C4305: "argument": obcięcie z "double" do "float"
f:\sfml\sfml basic v2\sfml basic v2\nagłówek.h(1372): warning C4305: "argument": obcięcie z "double" do "float"
f:\sfml\sfml basic v2\sfml basic v2\nagłówek.h(1375): warning C4305: "argument": obcięcie z "double" do "float"
f:\sfml\sfml basic v2\sfml basic v2\nagłówek.h(1378): warning C4305: "argument": obcięcie z "double" do "float"
f:\sfml\sfml basic v2\sfml basic v2\nagłówek.h(1381): warning C4305: "argument": obcięcie z "double" do "float"
f:\sfml\sfml basic v2\sfml basic v2\arena_sfml.h(737): warning C4715: "Arena::Przesun_Pionek”: niewszystkie ścieżki kodu zwracają wartość
f:\sfml\sfml basic v2\sfml basic v2\nagłówek.h(762): warning C4715: "Arena2::Przesun_Pionek”: niewszystkie ścieżki kodu zwracają wartość
f:\sfml\sfml basic v2\sfml basic v2\źródło.cpp(136): warning C4715: "ZwrocX”: niewszystkie ścieżki kodu zwracają wartość
f:\sfml\sfml basic v2\sfml basic v2\źródło.cpp(155): warning C4715: "ZwrocY”: niewszystkie ścieżki kodu zwracają wartość
  SFML Basic v2.vcxproj -> F:\sfml\SFML Basic v2\Debug\SFML Basic v2.exe
